<?xml version="1.0" encoding="UTF-8"?>
<testsuite name="co.com.pragma.usecase.solicitud.SolicitudUseCaseTest" tests="3" skipped="0" failures="0" errors="0" timestamp="2025-09-02T04:38:01.614Z" hostname="DESKTOP-VPLJBJ7" time="6.16">
  <properties/>
  <testcase name="shouldThrowWhenUsuarioDoesNotExist()" classname="co.com.pragma.usecase.solicitud.SolicitudUseCaseTest" time="6.094"/>
  <testcase name="shouldThrowWhenTipoPrestamoDoesNotExist()" classname="co.com.pragma.usecase.solicitud.SolicitudUseCaseTest" time="0.028"/>
  <testcase name="shouldSaveSolicitudWhenUsuarioAndTipoPrestamoExist()" classname="co.com.pragma.usecase.solicitud.SolicitudUseCaseTest" time="0.03"/>
  <system-out><![CDATA[]]></system-out>
  <system-err><![CDATA[]]></system-err>
</testsuite>
