<?xml version="1.0" encoding="UTF-8"?>
<testsuite name="co.com.pragma.usecase.usuario.UsuarioUseCaseTest" tests="2" skipped="0" failures="0" errors="0" timestamp="2025-08-31T23:19:33.100Z" hostname="DESKTOP-VPLJBJ7" time="5.129">
  <properties/>
  <testcase name="shouldSaveUserWhenEmailNotExistsTest()" classname="co.com.pragma.usecase.usuario.UsuarioUseCaseTest" time="5.085"/>
  <testcase name="shouldThrowExceptionWhenEmailAlreadyExistsTest()" classname="co.com.pragma.usecase.usuario.UsuarioUseCaseTest" time="0.041"/>
  <system-out><![CDATA[]]></system-out>
  <system-err><![CDATA[]]></system-err>
</testsuite>
